<?xml version="1.0" encoding="UTF-8"?>
<robot generator="Robot 3.1.1 (Python 3.7.2 on win32)" generated="20190510 22:00:52.142" rpa="false">
<suite id="s1" name="TC 002" source="C:\Users\TestingWorld\PycharmProjects\SeleniumAdvanceAutomation\TC_002.robot">
<test id="s1-t1" name="TC_001 Login Logout">
<kw name="Open Browser" library="SeleniumLibrary">
<doc>Opens a new browser instance to the given ``url``.</doc>
<arguments>
<arg>https://www.facebook.com</arg>
<arg>Chrome</arg>
</arguments>
<msg timestamp="20190510 22:00:55.976" level="INFO">Opening browser 'Chrome' to base url 'https://www.facebook.com'.</msg>
<status status="PASS" starttime="20190510 22:00:55.975" endtime="20190510 22:01:27.950"></status>
</kw>
<kw name="Maximize Browser Window" library="SeleniumLibrary">
<doc>Maximizes current browser window.</doc>
<status status="PASS" starttime="20190510 22:01:27.951" endtime="20190510 22:01:29.894"></status>
</kw>
<kw name="Should Be Equal" library="BuiltIn">
<doc>Fails if the given objects are unequal.</doc>
<arguments>
<arg>1</arg>
<arg>2</arg>
</arguments>
<msg timestamp="20190510 22:01:29.908" level="FAIL">1 != 2</msg>
<status status="FAIL" starttime="20190510 22:01:29.903" endtime="20190510 22:01:29.909"></status>
</kw>
<kw name="LogStatusToTestRail" type="teardown">
<kw name="Log To Console" library="BuiltIn">
<doc>Logs the given message to the console.</doc>
<arguments>
<arg>${TEST_STATUS}</arg>
</arguments>
<status status="PASS" starttime="20190510 22:01:29.927" endtime="20190510 22:01:29.939"></status>
</kw>
<kw name="Run Keyword If" library="BuiltIn">
<doc>Runs the given keyword with the given arguments, if ``condition`` is true.</doc>
<arguments>
<arg>'${TEST_STATUS}' == 'PASS'</arg>
<arg>LogStatusPass</arg>
</arguments>
<status status="PASS" starttime="20190510 22:01:29.940" endtime="20190510 22:01:29.942"></status>
</kw>
<kw name="Run Keyword If" library="BuiltIn">
<doc>Runs the given keyword with the given arguments, if ``condition`` is true.</doc>
<arguments>
<arg>'${TEST_STATUS}' == 'FAIL'</arg>
<arg>LogStatusFail</arg>
</arguments>
<kw name="LogStatusFail">
<kw name="Create Dictionary" library="BuiltIn">
<doc>Creates and returns a dictionary based on the given ``items``.</doc>
<arguments>
<arg>Content-Type=application/json</arg>
</arguments>
<assign>
<var>${header}</var>
</assign>
<msg timestamp="20190510 22:01:29.949" level="INFO">${header} = {'Content-Type': 'application/json'}</msg>
<status status="PASS" starttime="20190510 22:01:29.947" endtime="20190510 22:01:29.949"></status>
</kw>
<kw name="Create List" library="BuiltIn">
<doc>Returns a list containing given items.</doc>
<arguments>
<arg>testingworldindia@gmail.com</arg>
<arg>SHPJd6uwgmmPUjAbk80g</arg>
</arguments>
<assign>
<var>${auth}</var>
</assign>
<msg timestamp="20190510 22:01:29.951" level="INFO">${auth} = ['testingworldindia@gmail.com', 'SHPJd6uwgmmPUjAbk80g']</msg>
<status status="PASS" starttime="20190510 22:01:29.950" endtime="20190510 22:01:29.952"></status>
</kw>
<kw name="Create Dictionary" library="BuiltIn">
<doc>Creates and returns a dictionary based on the given ``items``.</doc>
<arguments>
<arg>status_id=5</arg>
</arguments>
<assign>
<var>${param}</var>
</assign>
<msg timestamp="20190510 22:01:29.955" level="INFO">${param} = {'status_id': '5'}</msg>
<status status="PASS" starttime="20190510 22:01:29.953" endtime="20190510 22:01:29.955"></status>
</kw>
<kw name="Create Session" library="RequestsLibrary">
<doc>Create Session: create a HTTP session to a server</doc>
<arguments>
<arg>Session1</arg>
<arg>${URL}</arg>
<arg>auth=${auth}</arg>
<arg>headers=${header}</arg>
</arguments>
<msg timestamp="20190510 22:01:29.958" level="INFO">Creating Session using : alias=Session1, url=https://testingworldindia.testrail.io, headers={'Content-Type': 'application/json'},                     cookies=None, auth=&lt;requests.auth.HTTPBasicAuth object at 0x037456F0&gt;, timeout=None, proxies=None, verify=False,                     debug=0 </msg>
<status status="PASS" starttime="20190510 22:01:29.956" endtime="20190510 22:01:29.960"></status>
</kw>
<kw name="Post Request" library="RequestsLibrary">
<doc>Send a POST request on the session object found using the
given `alias`</doc>
<arguments>
<arg>Session1</arg>
<arg>/index.php?/api/v2/add_result_for_case/1/1</arg>
<arg>data=${param}</arg>
</arguments>
<assign>
<var>${Res}</var>
</assign>
<msg timestamp="20190510 22:01:32.067" level="INFO">Post Request using : alias=Session1, uri=/index.php?/api/v2/add_result_for_case/1/1, data=&lt;empty&gt;, headers=None, files=None, allow_redirects=True </msg>
<msg timestamp="20190510 22:01:32.067" level="INFO">c:\python37\lib\site-packages\urllib3\connectionpool.py:847: InsecureRequestWarning: Unverified HTTPS request is being made. Adding certificate verification is strongly advised. See: https://urllib3.readthedocs.io/en/latest/advanced-usage.html#ssl-warnings
  InsecureRequestWarning)</msg>
<msg timestamp="20190510 22:01:32.068" level="INFO">${Res} = &lt;Response [200]&gt;</msg>
<status status="PASS" starttime="20190510 22:01:29.961" endtime="20190510 22:01:32.068"></status>
</kw>
<kw name="Log To Console" library="BuiltIn">
<doc>Logs the given message to the console.</doc>
<arguments>
<arg>${Res.status_code}</arg>
</arguments>
<status status="PASS" starttime="20190510 22:01:32.068" endtime="20190510 22:01:32.070"></status>
</kw>
<kw name="Log To Console" library="BuiltIn">
<doc>Logs the given message to the console.</doc>
<arguments>
<arg>${Res.json()}</arg>
</arguments>
<status status="PASS" starttime="20190510 22:01:32.070" endtime="20190510 22:01:32.072"></status>
</kw>
<status status="PASS" starttime="20190510 22:01:29.945" endtime="20190510 22:01:32.074"></status>
</kw>
<status status="PASS" starttime="20190510 22:01:29.943" endtime="20190510 22:01:32.074"></status>
</kw>
<status status="PASS" starttime="20190510 22:01:29.925" endtime="20190510 22:01:32.074"></status>
</kw>
<status status="FAIL" starttime="20190510 22:00:55.972" endtime="20190510 22:01:32.077" critical="yes">1 != 2</status>
</test>
<status status="FAIL" starttime="20190510 22:00:52.150" endtime="20190510 22:01:32.088"></status>
</suite>
<statistics>
<total>
<stat pass="0" fail="1">Critical Tests</stat>
<stat pass="0" fail="1">All Tests</stat>
</total>
<tag>
</tag>
<suite>
<stat pass="0" fail="1" id="s1" name="TC 002">TC 002</stat>
</suite>
</statistics>
<errors>
</errors>
</robot>
